{"/home/gracy/labenu/aragon-Isabelle-Bisoni/modulo6/case-amaro-backend/src/business/ProductBusiness.ts": {"path":"/home/gracy/labenu/aragon-Isabelle-Bisoni/modulo6/case-amaro-backend/src/business/ProductBusiness.ts","statementMap":{"0":{"start":{"line":2,"column":0},"end":{"line":2,"column":56}},"1":{"start":{"line":3,"column":0},"end":{"line":3,"column":56}},"2":{"start":{"line":4,"column":0},"end":{"line":4,"column":54}},"3":{"start":{"line":5,"column":0},"end":{"line":5,"column":64}},"4":{"start":{"line":6,"column":0},"end":{"line":6,"column":null}},"5":{"start":{"line":24,"column":12},"end":{"line":24,"column":44}},"6":{"start":{"line":25,"column":12},"end":{"line":25,"column":36}},"7":{"start":{"line":26,"column":12},"end":{"line":26,"column":36}},"8":{"start":{"line":27,"column":12},"end":{"line":27,"column":40}},"9":{"start":{"line":30,"column":9},"end":{"line":78,"column":4}},"10":{"start":{"line":31,"column":19},"end":{"line":31,"column":31}},"11":{"start":{"line":33,"column":4},"end":{"line":57,"column":null}},"12":{"start":{"line":34,"column":25},"end":{"line":34,"column":79}},"13":{"start":{"line":36,"column":6},"end":{"line":38,"column":null}},"14":{"start":{"line":37,"column":8},"end":{"line":37,"column":71}},"15":{"start":{"line":40,"column":23},"end":{"line":42,"column":8}},"16":{"start":{"line":41,"column":8},"end":{"line":41,"column":57}},"17":{"start":{"line":44,"column":6},"end":{"line":50,"column":null}},"18":{"start":{"line":45,"column":28},"end":{"line":45,"column":79}},"19":{"start":{"line":47,"column":21},"end":{"line":47,"column":55}},"20":{"start":{"line":47,"column":47},"end":{"line":47,"column":54}},"21":{"start":{"line":49,"column":8},"end":{"line":49,"column":30}},"22":{"start":{"line":52,"column":46},"end":{"line":54,"column":8}},"23":{"start":{"line":56,"column":6},"end":{"line":56,"column":22}},"24":{"start":{"line":59,"column":23},"end":{"line":59,"column":63}},"25":{"start":{"line":61,"column":21},"end":{"line":63,"column":6}},"26":{"start":{"line":62,"column":6},"end":{"line":62,"column":55}},"27":{"start":{"line":65,"column":4},"end":{"line":71,"column":null}},"28":{"start":{"line":66,"column":26},"end":{"line":66,"column":77}},"29":{"start":{"line":68,"column":19},"end":{"line":68,"column":53}},"30":{"start":{"line":68,"column":45},"end":{"line":68,"column":52}},"31":{"start":{"line":70,"column":6},"end":{"line":70,"column":28}},"32":{"start":{"line":73,"column":44},"end":{"line":75,"column":6}},"33":{"start":{"line":77,"column":4},"end":{"line":77,"column":20}},"34":{"start":{"line":80,"column":9},"end":{"line":104,"column":4}},"35":{"start":{"line":81,"column":19},"end":{"line":81,"column":31}},"36":{"start":{"line":83,"column":16},"end":{"line":83,"column":59}},"37":{"start":{"line":85,"column":4},"end":{"line":87,"column":null}},"38":{"start":{"line":86,"column":6},"end":{"line":86,"column":53}},"39":{"start":{"line":89,"column":18},"end":{"line":89,"column":43}},"40":{"start":{"line":89,"column":35},"end":{"line":89,"column":42}},"41":{"start":{"line":91,"column":21},"end":{"line":92,"column":null}},"42":{"start":{"line":95,"column":4},"end":{"line":97,"column":null}},"43":{"start":{"line":96,"column":6},"end":{"line":96,"column":66}},"44":{"start":{"line":99,"column":49},"end":{"line":101,"column":6}},"45":{"start":{"line":103,"column":4},"end":{"line":103,"column":20}},"46":{"start":{"line":106,"column":9},"end":{"line":138,"column":4}},"47":{"start":{"line":107,"column":17},"end":{"line":107,"column":27}},"48":{"start":{"line":108,"column":18},"end":{"line":108,"column":29}},"49":{"start":{"line":109,"column":20},"end":{"line":109,"column":61}},"50":{"start":{"line":111,"column":4},"end":{"line":113,"column":null}},"51":{"start":{"line":112,"column":6},"end":{"line":112,"column":63}},"52":{"start":{"line":115,"column":4},"end":{"line":117,"column":null}},"53":{"start":{"line":116,"column":6},"end":{"line":116,"column":47}},"54":{"start":{"line":119,"column":4},"end":{"line":121,"column":null}},"55":{"start":{"line":120,"column":6},"end":{"line":120,"column":52}},"56":{"start":{"line":123,"column":4},"end":{"line":125,"column":null}},"57":{"start":{"line":124,"column":6},"end":{"line":124,"column":52}},"58":{"start":{"line":127,"column":15},"end":{"line":127,"column":42}},"59":{"start":{"line":129,"column":23},"end":{"line":129,"column":58}},"60":{"start":{"line":131,"column":4},"end":{"line":131,"column":57}},"61":{"start":{"line":133,"column":44},"end":{"line":135,"column":6}},"62":{"start":{"line":137,"column":4},"end":{"line":137,"column":20}},"63":{"start":{"line":140,"column":9},"end":{"line":202,"column":4}},"64":{"start":{"line":141,"column":22},"end":{"line":141,"column":30}},"65":{"start":{"line":142,"column":20},"end":{"line":142,"column":33}},"66":{"start":{"line":143,"column":18},"end":{"line":143,"column":29}},"67":{"start":{"line":145,"column":20},"end":{"line":145,"column":61}},"68":{"start":{"line":147,"column":4},"end":{"line":149,"column":null}},"69":{"start":{"line":148,"column":6},"end":{"line":148,"column":63}},"70":{"start":{"line":151,"column":4},"end":{"line":153,"column":null}},"71":{"start":{"line":152,"column":6},"end":{"line":152,"column":47}},"72":{"start":{"line":155,"column":4},"end":{"line":157,"column":null}},"73":{"start":{"line":156,"column":6},"end":{"line":156,"column":47}},"74":{"start":{"line":159,"column":4},"end":{"line":161,"column":null}},"75":{"start":{"line":160,"column":6},"end":{"line":160,"column":55}},"76":{"start":{"line":163,"column":26},"end":{"line":163,"column":77}},"77":{"start":{"line":165,"column":4},"end":{"line":167,"column":null}},"78":{"start":{"line":166,"column":6},"end":{"line":166,"column":52}},"79":{"start":{"line":169,"column":20},"end":{"line":169,"column":64}},"80":{"start":{"line":171,"column":4},"end":{"line":173,"column":null}},"81":{"start":{"line":172,"column":6},"end":{"line":172,"column":48}},"82":{"start":{"line":175,"column":19},"end":{"line":175,"column":63}},"83":{"start":{"line":176,"column":18},"end":{"line":176,"column":45}},"84":{"start":{"line":176,"column":37},"end":{"line":176,"column":44}},"85":{"start":{"line":178,"column":27},"end":{"line":180,"column":null}},"86":{"start":{"line":183,"column":4},"end":{"line":185,"column":null}},"87":{"start":{"line":184,"column":6},"end":{"line":184,"column":65}},"88":{"start":{"line":187,"column":15},"end":{"line":187,"column":42}},"89":{"start":{"line":189,"column":33},"end":{"line":193,"column":6}},"90":{"start":{"line":195,"column":4},"end":{"line":195,"column":43}},"91":{"start":{"line":197,"column":39},"end":{"line":199,"column":6}},"92":{"start":{"line":201,"column":4},"end":{"line":201,"column":20}},"93":{"start":{"line":22,"column":0},"end":{"line":22,"column":13}}},"fnMap":{"0":{"name":"(anonymous_0)","decl":{"start":{"line":23,"column":2},"end":{"line":23,"column":null}},"loc":{"start":{"line":27,"column":40},"end":{"line":28,"column":6}}},"1":{"name":"(anonymous_1)","decl":{"start":{"line":30,"column":23},"end":{"line":30,"column":28}},"loc":{"start":{"line":30,"column":61},"end":{"line":78,"column":3}}},"2":{"name":"(anonymous_2)","decl":{"start":{"line":40,"column":38},"end":{"line":40,"column":47}},"loc":{"start":{"line":40,"column":50},"end":{"line":42,"column":7}}},"3":{"name":"(anonymous_3)","decl":{"start":{"line":47,"column":33},"end":{"line":47,"column":34}},"loc":{"start":{"line":47,"column":47},"end":{"line":47,"column":54}}},"4":{"name":"(anonymous_4)","decl":{"start":{"line":61,"column":36},"end":{"line":61,"column":45}},"loc":{"start":{"line":61,"column":48},"end":{"line":63,"column":5}}},"5":{"name":"(anonymous_5)","decl":{"start":{"line":68,"column":31},"end":{"line":68,"column":32}},"loc":{"start":{"line":68,"column":45},"end":{"line":68,"column":52}}},"6":{"name":"(anonymous_6)","decl":{"start":{"line":80,"column":27},"end":{"line":80,"column":32}},"loc":{"start":{"line":80,"column":65},"end":{"line":104,"column":3}}},"7":{"name":"(anonymous_7)","decl":{"start":{"line":89,"column":27},"end":{"line":89,"column":31}},"loc":{"start":{"line":89,"column":35},"end":{"line":89,"column":42}}},"8":{"name":"(anonymous_8)","decl":{"start":{"line":106,"column":25},"end":{"line":106,"column":30}},"loc":{"start":{"line":106,"column":63},"end":{"line":138,"column":3}}},"9":{"name":"(anonymous_9)","decl":{"start":{"line":140,"column":18},"end":{"line":140,"column":23}},"loc":{"start":{"line":140,"column":51},"end":{"line":202,"column":3}}},"10":{"name":"(anonymous_10)","decl":{"start":{"line":176,"column":29},"end":{"line":176,"column":33}},"loc":{"start":{"line":176,"column":37},"end":{"line":176,"column":44}}}},"branchMap":{"0":{"loc":{"start":{"line":33,"column":4},"end":{"line":57,"column":null}},"type":"if","locations":[{"start":{"line":33,"column":4},"end":{"line":57,"column":null}}]},"1":{"loc":{"start":{"line":36,"column":6},"end":{"line":38,"column":null}},"type":"if","locations":[{"start":{"line":36,"column":6},"end":{"line":38,"column":null}}]},"2":{"loc":{"start":{"line":85,"column":4},"end":{"line":87,"column":null}},"type":"if","locations":[{"start":{"line":85,"column":4},"end":{"line":87,"column":null}}]},"3":{"loc":{"start":{"line":95,"column":4},"end":{"line":97,"column":null}},"type":"if","locations":[{"start":{"line":95,"column":4},"end":{"line":97,"column":null}}]},"4":{"loc":{"start":{"line":95,"column":8},"end":{"line":95,"column":42}},"type":"binary-expr","locations":[{"start":{"line":95,"column":8},"end":{"line":95,"column":29}},{"start":{"line":95,"column":33},"end":{"line":95,"column":42}}]},"5":{"loc":{"start":{"line":111,"column":4},"end":{"line":113,"column":null}},"type":"if","locations":[{"start":{"line":111,"column":4},"end":{"line":113,"column":null}}]},"6":{"loc":{"start":{"line":115,"column":4},"end":{"line":117,"column":null}},"type":"if","locations":[{"start":{"line":115,"column":4},"end":{"line":117,"column":null}}]},"7":{"loc":{"start":{"line":119,"column":4},"end":{"line":121,"column":null}},"type":"if","locations":[{"start":{"line":119,"column":4},"end":{"line":121,"column":null}}]},"8":{"loc":{"start":{"line":123,"column":4},"end":{"line":125,"column":null}},"type":"if","locations":[{"start":{"line":123,"column":4},"end":{"line":125,"column":null}}]},"9":{"loc":{"start":{"line":147,"column":4},"end":{"line":149,"column":null}},"type":"if","locations":[{"start":{"line":147,"column":4},"end":{"line":149,"column":null}}]},"10":{"loc":{"start":{"line":151,"column":4},"end":{"line":153,"column":null}},"type":"if","locations":[{"start":{"line":151,"column":4},"end":{"line":153,"column":null}}]},"11":{"loc":{"start":{"line":155,"column":4},"end":{"line":157,"column":null}},"type":"if","locations":[{"start":{"line":155,"column":4},"end":{"line":157,"column":null}}]},"12":{"loc":{"start":{"line":159,"column":4},"end":{"line":161,"column":null}},"type":"if","locations":[{"start":{"line":159,"column":4},"end":{"line":161,"column":null}}]},"13":{"loc":{"start":{"line":165,"column":4},"end":{"line":167,"column":null}},"type":"if","locations":[{"start":{"line":165,"column":4},"end":{"line":167,"column":null}}]},"14":{"loc":{"start":{"line":171,"column":4},"end":{"line":173,"column":null}},"type":"if","locations":[{"start":{"line":171,"column":4},"end":{"line":173,"column":null}}]},"15":{"loc":{"start":{"line":183,"column":4},"end":{"line":185,"column":null}},"type":"if","locations":[{"start":{"line":183,"column":4},"end":{"line":185,"column":null}}]}},"s":{"0":5,"1":5,"2":5,"3":5,"4":5,"5":5,"6":5,"7":5,"8":5,"9":5,"10":2,"11":2,"12":1,"13":1,"14":0,"15":1,"16":2,"17":1,"18":2,"19":2,"20":0,"21":2,"22":1,"23":1,"24":1,"25":1,"26":10,"27":1,"28":10,"29":10,"30":2,"31":10,"32":1,"33":1,"34":5,"35":2,"36":2,"37":2,"38":1,"39":1,"40":1,"41":1,"42":1,"43":0,"44":1,"45":1,"46":5,"47":4,"48":4,"49":4,"50":4,"51":1,"52":3,"53":1,"54":2,"55":0,"56":2,"57":1,"58":1,"59":1,"60":1,"61":1,"62":1,"63":5,"64":6,"65":6,"66":6,"67":6,"68":6,"69":1,"70":5,"71":0,"72":5,"73":1,"74":4,"75":0,"76":4,"77":4,"78":1,"79":3,"80":3,"81":1,"82":2,"83":2,"84":2,"85":2,"86":2,"87":1,"88":1,"89":1,"90":1,"91":1,"92":1,"93":5},"f":{"0":5,"1":2,"2":2,"3":0,"4":10,"5":2,"6":2,"7":1,"8":4,"9":6,"10":2},"b":{"0":[1],"1":[0],"2":[1],"3":[0],"4":[1,1],"5":[1],"6":[1],"7":[0],"8":[1],"9":[1],"10":[0],"11":[1],"12":[0],"13":[1],"14":[1],"15":[1]}}
,"/home/gracy/labenu/aragon-Isabelle-Bisoni/modulo6/case-amaro-backend/src/business/UserBusiness.ts": {"path":"/home/gracy/labenu/aragon-Isabelle-Bisoni/modulo6/case-amaro-backend/src/business/UserBusiness.ts","statementMap":{"0":{"start":{"line":2,"column":0},"end":{"line":2,"column":55}},"1":{"start":{"line":3,"column":0},"end":{"line":3,"column":55}},"2":{"start":{"line":4,"column":0},"end":{"line":4,"column":53}},"3":{"start":{"line":5,"column":0},"end":{"line":5,"column":63}},"4":{"start":{"line":6,"column":0},"end":{"line":6,"column":117}},"5":{"start":{"line":13,"column":16},"end":{"line":13,"column":42}},"6":{"start":{"line":14,"column":16},"end":{"line":14,"column":40}},"7":{"start":{"line":15,"column":16},"end":{"line":15,"column":40}},"8":{"start":{"line":16,"column":16},"end":{"line":16,"column":44}},"9":{"start":{"line":19,"column":11},"end":{"line":82,"column":null}},"10":{"start":{"line":20,"column":42},"end":{"line":20,"column":47}},"11":{"start":{"line":22,"column":8},"end":{"line":24,"column":null}},"12":{"start":{"line":23,"column":12},"end":{"line":23,"column":null}},"13":{"start":{"line":26,"column":8},"end":{"line":28,"column":null}},"14":{"start":{"line":27,"column":12},"end":{"line":27,"column":null}},"15":{"start":{"line":30,"column":8},"end":{"line":32,"column":null}},"16":{"start":{"line":31,"column":12},"end":{"line":31,"column":null}},"17":{"start":{"line":34,"column":8},"end":{"line":36,"column":null}},"18":{"start":{"line":35,"column":12},"end":{"line":35,"column":null}},"19":{"start":{"line":38,"column":8},"end":{"line":40,"column":null}},"20":{"start":{"line":39,"column":12},"end":{"line":39,"column":null}},"21":{"start":{"line":42,"column":8},"end":{"line":44,"column":null}},"22":{"start":{"line":43,"column":12},"end":{"line":43,"column":null}},"23":{"start":{"line":46,"column":8},"end":{"line":48,"column":null}},"24":{"start":{"line":47,"column":12},"end":{"line":47,"column":null}},"25":{"start":{"line":50,"column":32},"end":{"line":50,"column":74}},"26":{"start":{"line":52,"column":8},"end":{"line":54,"column":null}},"27":{"start":{"line":53,"column":12},"end":{"line":53,"column":null}},"28":{"start":{"line":56,"column":19},"end":{"line":56,"column":46}},"29":{"start":{"line":57,"column":31},"end":{"line":57,"column":68}},"30":{"start":{"line":59,"column":21},"end":{"line":64,"column":null}},"31":{"start":{"line":67,"column":8},"end":{"line":67,"column":null}},"32":{"start":{"line":69,"column":39},"end":{"line":72,"column":null}},"33":{"start":{"line":74,"column":22},"end":{"line":74,"column":63}},"34":{"start":{"line":76,"column":43},"end":{"line":79,"column":null}},"35":{"start":{"line":81,"column":8},"end":{"line":81,"column":null}},"36":{"start":{"line":85,"column":11},"end":{"line":144,"column":null}},"37":{"start":{"line":86,"column":36},"end":{"line":86,"column":41}},"38":{"start":{"line":88,"column":8},"end":{"line":90,"column":null}},"39":{"start":{"line":89,"column":12},"end":{"line":89,"column":null}},"40":{"start":{"line":92,"column":8},"end":{"line":94,"column":null}},"41":{"start":{"line":93,"column":12},"end":{"line":93,"column":null}},"42":{"start":{"line":96,"column":8},"end":{"line":98,"column":null}},"43":{"start":{"line":97,"column":12},"end":{"line":97,"column":null}},"44":{"start":{"line":100,"column":8},"end":{"line":102,"column":null}},"45":{"start":{"line":101,"column":12},"end":{"line":101,"column":null}},"46":{"start":{"line":104,"column":8},"end":{"line":106,"column":null}},"47":{"start":{"line":105,"column":12},"end":{"line":105,"column":null}},"48":{"start":{"line":108,"column":32},"end":{"line":108,"column":74}},"49":{"start":{"line":110,"column":8},"end":{"line":112,"column":null}},"50":{"start":{"line":111,"column":12},"end":{"line":111,"column":null}},"51":{"start":{"line":114,"column":21},"end":{"line":119,"column":null}},"52":{"start":{"line":122,"column":34},"end":{"line":124,"column":null}},"53":{"start":{"line":127,"column":8},"end":{"line":129,"column":null}},"54":{"start":{"line":128,"column":12},"end":{"line":128,"column":null}},"55":{"start":{"line":131,"column":39},"end":{"line":134,"column":null}},"56":{"start":{"line":136,"column":22},"end":{"line":136,"column":63}},"57":{"start":{"line":138,"column":42},"end":{"line":141,"column":null}},"58":{"start":{"line":143,"column":8},"end":{"line":143,"column":null}},"59":{"start":{"line":11,"column":0},"end":{"line":11,"column":13}}},"fnMap":{"0":{"name":"(anonymous_0)","decl":{"start":{"line":12,"column":4},"end":{"line":12,"column":null}},"loc":{"start":{"line":16,"column":44},"end":{"line":17,"column":9}}},"1":{"name":"(anonymous_1)","decl":{"start":{"line":19,"column":20},"end":{"line":19,"column":25}},"loc":{"start":{"line":19,"column":53},"end":{"line":82,"column":5}}},"2":{"name":"(anonymous_2)","decl":{"start":{"line":85,"column":19},"end":{"line":85,"column":24}},"loc":{"start":{"line":85,"column":51},"end":{"line":144,"column":5}}}},"branchMap":{"0":{"loc":{"start":{"line":22,"column":8},"end":{"line":24,"column":null}},"type":"if","locations":[{"start":{"line":22,"column":8},"end":{"line":24,"column":null}}]},"1":{"loc":{"start":{"line":22,"column":12},"end":{"line":22,"column":40}},"type":"binary-expr","locations":[{"start":{"line":22,"column":12},"end":{"line":22,"column":17}},{"start":{"line":22,"column":21},"end":{"line":22,"column":27}},{"start":{"line":22,"column":31},"end":{"line":22,"column":40}}]},"2":{"loc":{"start":{"line":26,"column":8},"end":{"line":28,"column":null}},"type":"if","locations":[{"start":{"line":26,"column":8},"end":{"line":28,"column":null}}]},"3":{"loc":{"start":{"line":30,"column":8},"end":{"line":32,"column":null}},"type":"if","locations":[{"start":{"line":30,"column":8},"end":{"line":32,"column":null}}]},"4":{"loc":{"start":{"line":34,"column":8},"end":{"line":36,"column":null}},"type":"if","locations":[{"start":{"line":34,"column":8},"end":{"line":36,"column":null}}]},"5":{"loc":{"start":{"line":38,"column":8},"end":{"line":40,"column":null}},"type":"if","locations":[{"start":{"line":38,"column":8},"end":{"line":40,"column":null}}]},"6":{"loc":{"start":{"line":42,"column":8},"end":{"line":44,"column":null}},"type":"if","locations":[{"start":{"line":42,"column":8},"end":{"line":44,"column":null}}]},"7":{"loc":{"start":{"line":46,"column":8},"end":{"line":48,"column":null}},"type":"if","locations":[{"start":{"line":46,"column":8},"end":{"line":48,"column":null}}]},"8":{"loc":{"start":{"line":52,"column":8},"end":{"line":54,"column":null}},"type":"if","locations":[{"start":{"line":52,"column":8},"end":{"line":54,"column":null}}]},"9":{"loc":{"start":{"line":88,"column":8},"end":{"line":90,"column":null}},"type":"if","locations":[{"start":{"line":88,"column":8},"end":{"line":90,"column":null}}]},"10":{"loc":{"start":{"line":88,"column":11},"end":{"line":88,"column":30}},"type":"binary-expr","locations":[{"start":{"line":88,"column":11},"end":{"line":88,"column":17}},{"start":{"line":88,"column":21},"end":{"line":88,"column":30}}]},"11":{"loc":{"start":{"line":92,"column":8},"end":{"line":94,"column":null}},"type":"if","locations":[{"start":{"line":92,"column":8},"end":{"line":94,"column":null}}]},"12":{"loc":{"start":{"line":96,"column":8},"end":{"line":98,"column":null}},"type":"if","locations":[{"start":{"line":96,"column":8},"end":{"line":98,"column":null}}]},"13":{"loc":{"start":{"line":100,"column":8},"end":{"line":102,"column":null}},"type":"if","locations":[{"start":{"line":100,"column":8},"end":{"line":102,"column":null}}]},"14":{"loc":{"start":{"line":104,"column":8},"end":{"line":106,"column":null}},"type":"if","locations":[{"start":{"line":104,"column":8},"end":{"line":106,"column":null}}]},"15":{"loc":{"start":{"line":110,"column":8},"end":{"line":112,"column":null}},"type":"if","locations":[{"start":{"line":110,"column":8},"end":{"line":112,"column":null}}]},"16":{"loc":{"start":{"line":127,"column":8},"end":{"line":129,"column":null}},"type":"if","locations":[{"start":{"line":127,"column":8},"end":{"line":129,"column":null}}]}},"s":{"0":2,"1":2,"2":2,"3":2,"4":2,"5":2,"6":2,"7":2,"8":2,"9":2,"10":4,"11":4,"12":0,"13":4,"14":0,"15":4,"16":0,"17":4,"18":0,"19":4,"20":0,"21":4,"22":1,"23":3,"24":1,"25":2,"26":2,"27":1,"28":1,"29":1,"30":1,"31":1,"32":1,"33":1,"34":1,"35":1,"36":2,"37":4,"38":4,"39":0,"40":4,"41":0,"42":4,"43":0,"44":4,"45":0,"46":4,"47":1,"48":3,"49":3,"50":1,"51":2,"52":2,"53":2,"54":1,"55":1,"56":1,"57":1,"58":1,"59":2},"f":{"0":2,"1":4,"2":4},"b":{"0":[0],"1":[4,4,4],"2":[0],"3":[0],"4":[0],"5":[0],"6":[1],"7":[1],"8":[1],"9":[0],"10":[4,4],"11":[0],"12":[0],"13":[0],"14":[1],"15":[1],"16":[1]}}
,"/home/gracy/labenu/aragon-Isabelle-Bisoni/modulo6/case-amaro-backend/src/database/BaseDatabase.ts": {"path":"/home/gracy/labenu/aragon-Isabelle-Bisoni/modulo6/case-amaro-backend/src/database/BaseDatabase.ts","statementMap":{"0":{"start":{"line":1,"column":0},"end":{"line":1,"column":23}},"1":{"start":{"line":2,"column":0},"end":{"line":2,"column":27}},"2":{"start":{"line":4,"column":0},"end":{"line":4,"column":null}},"3":{"start":{"line":6,"column":0},"end":{"line":6,"column":22}},"4":{"start":{"line":7,"column":21},"end":{"line":17,"column":null}}},"fnMap":{},"branchMap":{},"s":{"0":7,"1":7,"2":7,"3":7,"4":7},"f":{},"b":{}}
,"/home/gracy/labenu/aragon-Isabelle-Bisoni/modulo6/case-amaro-backend/src/errors/BaseError.ts": {"path":"/home/gracy/labenu/aragon-Isabelle-Bisoni/modulo6/case-amaro-backend/src/errors/BaseError.ts","statementMap":{"0":{"start":{"line":6,"column":8},"end":{"line":6,"column":null}},"1":{"start":{"line":3,"column":15},"end":{"line":3,"column":36}},"2":{"start":{"line":1,"column":0},"end":{"line":1,"column":13}}},"fnMap":{"0":{"name":"(anonymous_0)","decl":{"start":{"line":2,"column":4},"end":{"line":2,"column":null}},"loc":{"start":{"line":4,"column":28},"end":{"line":7,"column":5}}}},"branchMap":{"0":{"loc":{"start":{"line":3,"column":15},"end":{"line":3,"column":39}},"type":"default-arg","locations":[{"start":{"line":3,"column":36},"end":{"line":3,"column":39}}]},"1":{"loc":{"start":{"line":4,"column":8},"end":{"line":4,"column":28}},"type":"default-arg","locations":[{"start":{"line":4,"column":26},"end":{"line":4,"column":28}}]}},"s":{"0":15,"1":15,"2":7},"f":{"0":15},"b":{"0":[0],"1":[0]}}
,"/home/gracy/labenu/aragon-Isabelle-Bisoni/modulo6/case-amaro-backend/src/errors/ConflictError.ts": {"path":"/home/gracy/labenu/aragon-Isabelle-Bisoni/modulo6/case-amaro-backend/src/errors/ConflictError.ts","statementMap":{"0":{"start":{"line":1,"column":0},"end":{"line":1,"column":40}},"1":{"start":{"line":5,"column":4},"end":{"line":5,"column":24}},"2":{"start":{"line":3,"column":0},"end":{"line":3,"column":13}}},"fnMap":{"0":{"name":"(anonymous_0)","decl":{"start":{"line":4,"column":2},"end":{"line":4,"column":14}},"loc":{"start":{"line":4,"column":57},"end":{"line":6,"column":3}}}},"branchMap":{"0":{"loc":{"start":{"line":4,"column":14},"end":{"line":4,"column":57}},"type":"default-arg","locations":[{"start":{"line":4,"column":32},"end":{"line":4,"column":57}}]}},"s":{"0":7,"1":2,"2":7},"f":{"0":2},"b":{"0":[0]}}
,"/home/gracy/labenu/aragon-Isabelle-Bisoni/modulo6/case-amaro-backend/src/errors/NotFoundError.ts": {"path":"/home/gracy/labenu/aragon-Isabelle-Bisoni/modulo6/case-amaro-backend/src/errors/NotFoundError.ts","statementMap":{"0":{"start":{"line":1,"column":0},"end":{"line":1,"column":40}},"1":{"start":{"line":5,"column":4},"end":{"line":5,"column":24}},"2":{"start":{"line":3,"column":0},"end":{"line":3,"column":13}}},"fnMap":{"0":{"name":"(anonymous_0)","decl":{"start":{"line":4,"column":2},"end":{"line":4,"column":14}},"loc":{"start":{"line":4,"column":51},"end":{"line":6,"column":3}}}},"branchMap":{"0":{"loc":{"start":{"line":4,"column":14},"end":{"line":4,"column":51}},"type":"default-arg","locations":[{"start":{"line":4,"column":32},"end":{"line":4,"column":51}}]}},"s":{"0":7,"1":4,"2":7},"f":{"0":4},"b":{"0":[0]}}
,"/home/gracy/labenu/aragon-Isabelle-Bisoni/modulo6/case-amaro-backend/src/errors/RequestError.ts": {"path":"/home/gracy/labenu/aragon-Isabelle-Bisoni/modulo6/case-amaro-backend/src/errors/RequestError.ts","statementMap":{"0":{"start":{"line":1,"column":0},"end":{"line":1,"column":40}},"1":{"start":{"line":5,"column":4},"end":{"line":5,"column":24}},"2":{"start":{"line":3,"column":0},"end":{"line":3,"column":13}}},"fnMap":{"0":{"name":"(anonymous_0)","decl":{"start":{"line":4,"column":2},"end":{"line":4,"column":14}},"loc":{"start":{"line":4,"column":49},"end":{"line":6,"column":3}}}},"branchMap":{"0":{"loc":{"start":{"line":4,"column":14},"end":{"line":4,"column":49}},"type":"default-arg","locations":[{"start":{"line":4,"column":32},"end":{"line":4,"column":49}}]}},"s":{"0":7,"1":6,"2":7},"f":{"0":6},"b":{"0":[0]}}
,"/home/gracy/labenu/aragon-Isabelle-Bisoni/modulo6/case-amaro-backend/src/errors/UnauthorizedError.ts": {"path":"/home/gracy/labenu/aragon-Isabelle-Bisoni/modulo6/case-amaro-backend/src/errors/UnauthorizedError.ts","statementMap":{"0":{"start":{"line":1,"column":0},"end":{"line":1,"column":40}},"1":{"start":{"line":5,"column":4},"end":{"line":5,"column":24}},"2":{"start":{"line":3,"column":0},"end":{"line":3,"column":13}}},"fnMap":{"0":{"name":"(anonymous_0)","decl":{"start":{"line":4,"column":2},"end":{"line":4,"column":14}},"loc":{"start":{"line":4,"column":53},"end":{"line":6,"column":3}}}},"branchMap":{"0":{"loc":{"start":{"line":4,"column":14},"end":{"line":4,"column":53}},"type":"default-arg","locations":[{"start":{"line":4,"column":32},"end":{"line":4,"column":53}}]}},"s":{"0":7,"1":3,"2":7},"f":{"0":3},"b":{"0":[0]}}
,"/home/gracy/labenu/aragon-Isabelle-Bisoni/modulo6/case-amaro-backend/src/models/Products.ts": {"path":"/home/gracy/labenu/aragon-Isabelle-Bisoni/modulo6/case-amaro-backend/src/models/Products.ts","statementMap":{"0":{"start":{"line":19,"column":16},"end":{"line":19,"column":26}},"1":{"start":{"line":20,"column":16},"end":{"line":20,"column":28}},"2":{"start":{"line":21,"column":16},"end":{"line":21,"column":33}},"3":{"start":{"line":24,"column":11},"end":{"line":26,"column":null}},"4":{"start":{"line":25,"column":8},"end":{"line":25,"column":null}},"5":{"start":{"line":28,"column":11},"end":{"line":30,"column":null}},"6":{"start":{"line":29,"column":8},"end":{"line":29,"column":null}},"7":{"start":{"line":32,"column":11},"end":{"line":34,"column":null}},"8":{"start":{"line":33,"column":8},"end":{"line":33,"column":null}},"9":{"start":{"line":36,"column":11},"end":{"line":38,"column":null}},"10":{"start":{"line":37,"column":8},"end":{"line":37,"column":null}},"11":{"start":{"line":40,"column":11},"end":{"line":42,"column":null}},"12":{"start":{"line":41,"column":8},"end":{"line":41,"column":null}},"13":{"start":{"line":44,"column":11},"end":{"line":46,"column":null}},"14":{"start":{"line":45,"column":8},"end":{"line":45,"column":null}},"15":{"start":{"line":17,"column":0},"end":{"line":17,"column":13}}},"fnMap":{"0":{"name":"(anonymous_0)","decl":{"start":{"line":18,"column":4},"end":{"line":18,"column":null}},"loc":{"start":{"line":21,"column":35},"end":{"line":22,"column":9}}},"1":{"name":"(anonymous_1)","decl":{"start":{"line":24,"column":19},"end":{"line":24,"column":22}},"loc":{"start":{"line":24,"column":24},"end":{"line":26,"column":5}}},"2":{"name":"(anonymous_2)","decl":{"start":{"line":28,"column":21},"end":{"line":28,"column":24}},"loc":{"start":{"line":28,"column":26},"end":{"line":30,"column":5}}},"3":{"name":"(anonymous_3)","decl":{"start":{"line":32,"column":21},"end":{"line":32,"column":24}},"loc":{"start":{"line":32,"column":26},"end":{"line":34,"column":5}}},"4":{"name":"(anonymous_4)","decl":{"start":{"line":36,"column":19},"end":{"line":36,"column":20}},"loc":{"start":{"line":36,"column":37},"end":{"line":38,"column":5}}},"5":{"name":"(anonymous_5)","decl":{"start":{"line":40,"column":21},"end":{"line":40,"column":22}},"loc":{"start":{"line":40,"column":41},"end":{"line":42,"column":5}}},"6":{"name":"(anonymous_6)","decl":{"start":{"line":44,"column":21},"end":{"line":44,"column":22}},"loc":{"start":{"line":44,"column":42},"end":{"line":46,"column":5}}}},"branchMap":{"0":{"loc":{"start":{"line":21,"column":16},"end":{"line":21,"column":35}},"type":"default-arg","locations":[{"start":{"line":21,"column":33},"end":{"line":21,"column":35}}]}},"s":{"0":13,"1":13,"2":13,"3":13,"4":14,"5":13,"6":2,"7":13,"8":0,"9":13,"10":0,"11":13,"12":0,"13":13,"14":12,"15":5},"f":{"0":13,"1":14,"2":2,"3":0,"4":0,"5":0,"6":12},"b":{"0":[13]}}
,"/home/gracy/labenu/aragon-Isabelle-Bisoni/modulo6/case-amaro-backend/src/models/User.ts": {"path":"/home/gracy/labenu/aragon-Isabelle-Bisoni/modulo6/case-amaro-backend/src/models/User.ts","statementMap":{"0":{"start":{"line":1,"column":0},"end":{"line":1,"column":null}},"1":{"start":{"line":2,"column":4},"end":{"line":2,"column":null}},"2":{"start":{"line":3,"column":4},"end":{"line":3,"column":null}},"3":{"start":{"line":16,"column":16},"end":{"line":16,"column":26}},"4":{"start":{"line":17,"column":16},"end":{"line":17,"column":28}},"5":{"start":{"line":18,"column":16},"end":{"line":18,"column":29}},"6":{"start":{"line":19,"column":16},"end":{"line":19,"column":32}},"7":{"start":{"line":20,"column":16},"end":{"line":20,"column":32}},"8":{"start":{"line":23,"column":11},"end":{"line":25,"column":null}},"9":{"start":{"line":24,"column":8},"end":{"line":24,"column":null}},"10":{"start":{"line":27,"column":11},"end":{"line":29,"column":null}},"11":{"start":{"line":28,"column":8},"end":{"line":28,"column":null}},"12":{"start":{"line":31,"column":11},"end":{"line":33,"column":null}},"13":{"start":{"line":32,"column":8},"end":{"line":32,"column":null}},"14":{"start":{"line":35,"column":11},"end":{"line":37,"column":null}},"15":{"start":{"line":36,"column":8},"end":{"line":36,"column":null}},"16":{"start":{"line":39,"column":11},"end":{"line":41,"column":null}},"17":{"start":{"line":40,"column":8},"end":{"line":40,"column":null}},"18":{"start":{"line":43,"column":11},"end":{"line":45,"column":null}},"19":{"start":{"line":44,"column":8},"end":{"line":44,"column":null}},"20":{"start":{"line":47,"column":11},"end":{"line":49,"column":null}},"21":{"start":{"line":48,"column":8},"end":{"line":48,"column":null}},"22":{"start":{"line":51,"column":11},"end":{"line":53,"column":null}},"23":{"start":{"line":52,"column":8},"end":{"line":52,"column":null}},"24":{"start":{"line":55,"column":11},"end":{"line":57,"column":null}},"25":{"start":{"line":56,"column":8},"end":{"line":56,"column":null}},"26":{"start":{"line":59,"column":11},"end":{"line":61,"column":null}},"27":{"start":{"line":60,"column":8},"end":{"line":60,"column":null}},"28":{"start":{"line":14,"column":0},"end":{"line":14,"column":13}}},"fnMap":{"0":{"name":"(anonymous_0)","decl":{"start":{"line":1,"column":0},"end":{"line":1,"column":12}},"loc":{"start":{"line":1,"column":22},"end":{"line":4,"column":1}}},"1":{"name":"(anonymous_1)","decl":{"start":{"line":15,"column":4},"end":{"line":15,"column":null}},"loc":{"start":{"line":20,"column":32},"end":{"line":21,"column":9}}},"2":{"name":"(anonymous_2)","decl":{"start":{"line":23,"column":19},"end":{"line":23,"column":22}},"loc":{"start":{"line":23,"column":24},"end":{"line":25,"column":5}}},"3":{"name":"(anonymous_3)","decl":{"start":{"line":27,"column":21},"end":{"line":27,"column":24}},"loc":{"start":{"line":27,"column":26},"end":{"line":29,"column":5}}},"4":{"name":"(anonymous_4)","decl":{"start":{"line":31,"column":22},"end":{"line":31,"column":25}},"loc":{"start":{"line":31,"column":27},"end":{"line":33,"column":5}}},"5":{"name":"(anonymous_5)","decl":{"start":{"line":35,"column":25},"end":{"line":35,"column":28}},"loc":{"start":{"line":35,"column":30},"end":{"line":37,"column":5}}},"6":{"name":"(anonymous_6)","decl":{"start":{"line":39,"column":21},"end":{"line":39,"column":24}},"loc":{"start":{"line":39,"column":26},"end":{"line":41,"column":5}}},"7":{"name":"(anonymous_7)","decl":{"start":{"line":43,"column":19},"end":{"line":43,"column":20}},"loc":{"start":{"line":43,"column":37},"end":{"line":45,"column":5}}},"8":{"name":"(anonymous_8)","decl":{"start":{"line":47,"column":21},"end":{"line":47,"column":22}},"loc":{"start":{"line":47,"column":41},"end":{"line":49,"column":5}}},"9":{"name":"(anonymous_9)","decl":{"start":{"line":51,"column":22},"end":{"line":51,"column":23}},"loc":{"start":{"line":51,"column":43},"end":{"line":53,"column":5}}},"10":{"name":"(anonymous_10)","decl":{"start":{"line":55,"column":25},"end":{"line":55,"column":26}},"loc":{"start":{"line":55,"column":49},"end":{"line":57,"column":5}}},"11":{"name":"(anonymous_11)","decl":{"start":{"line":59,"column":21},"end":{"line":59,"column":22}},"loc":{"start":{"line":59,"column":45},"end":{"line":61,"column":5}}}},"branchMap":{"0":{"loc":{"start":{"line":1,"column":12},"end":{"line":1,"column":null}},"type":"binary-expr","locations":[{"start":{"line":1,"column":12},"end":{"line":1,"column":22}},{"start":{"line":1,"column":12},"end":{"line":1,"column":null}}]}},"s":{"0":7,"1":7,"2":7,"3":3,"4":3,"5":3,"6":3,"7":3,"8":3,"9":2,"10":3,"11":0,"12":3,"13":0,"14":3,"15":2,"16":3,"17":2,"18":3,"19":0,"20":3,"21":0,"22":3,"23":0,"24":3,"25":0,"26":3,"27":0,"28":7},"f":{"0":7,"1":3,"2":2,"3":0,"4":0,"5":2,"6":2,"7":0,"8":0,"9":0,"10":0,"11":0},"b":{"0":[7,7]}}
,"/home/gracy/labenu/aragon-Isabelle-Bisoni/modulo6/case-amaro-backend/tests/mocks/ProductDatabaseMock.ts": {"path":"/home/gracy/labenu/aragon-Isabelle-Bisoni/modulo6/case-amaro-backend/tests/mocks/ProductDatabaseMock.ts","statementMap":{"0":{"start":{"line":1,"column":0},"end":{"line":1,"column":63}},"1":{"start":{"line":14,"column":9},"end":{"line":59,"column":4}},"2":{"start":{"line":15,"column":35},"end":{"line":56,"column":6}},"3":{"start":{"line":58,"column":4},"end":{"line":58,"column":20}},"4":{"start":{"line":61,"column":9},"end":{"line":81,"column":4}},"5":{"start":{"line":64,"column":35},"end":{"line":73,"column":6}},"6":{"start":{"line":75,"column":4},"end":{"line":80,"column":null}},"7":{"start":{"line":77,"column":8},"end":{"line":77,"column":24}},"8":{"start":{"line":79,"column":8},"end":{"line":79,"column":25}},"9":{"start":{"line":83,"column":9},"end":{"line":103,"column":4}},"10":{"start":{"line":86,"column":35},"end":{"line":95,"column":6}},"11":{"start":{"line":97,"column":4},"end":{"line":102,"column":null}},"12":{"start":{"line":99,"column":8},"end":{"line":99,"column":24}},"13":{"start":{"line":101,"column":8},"end":{"line":101,"column":25}},"14":{"start":{"line":105,"column":9},"end":{"line":137,"column":4}},"15":{"start":{"line":106,"column":33},"end":{"line":111,"column":6}},"16":{"start":{"line":113,"column":33},"end":{"line":118,"column":6}},"17":{"start":{"line":120,"column":33},"end":{"line":125,"column":6}},"18":{"start":{"line":127,"column":4},"end":{"line":136,"column":null}},"19":{"start":{"line":129,"column":8},"end":{"line":129,"column":26}},"20":{"start":{"line":131,"column":8},"end":{"line":131,"column":26}},"21":{"start":{"line":133,"column":8},"end":{"line":133,"column":26}},"22":{"start":{"line":135,"column":8},"end":{"line":135,"column":25}},"23":{"start":{"line":139,"column":9},"end":{"line":151,"column":4}},"24":{"start":{"line":140,"column":27},"end":{"line":143,"column":6}},"25":{"start":{"line":145,"column":4},"end":{"line":150,"column":null}},"26":{"start":{"line":147,"column":8},"end":{"line":147,"column":20}},"27":{"start":{"line":149,"column":8},"end":{"line":149,"column":25}},"28":{"start":{"line":153,"column":9},"end":{"line":160,"column":4}},"29":{"start":{"line":154,"column":34},"end":{"line":157,"column":6}},"30":{"start":{"line":159,"column":4},"end":{"line":159,"column":21}},"31":{"start":{"line":162,"column":9},"end":{"line":162,"column":56}},"32":{"start":{"line":164,"column":9},"end":{"line":164,"column":53}},"33":{"start":{"line":166,"column":9},"end":{"line":178,"column":4}},"34":{"start":{"line":169,"column":4},"end":{"line":177,"column":null}},"35":{"start":{"line":171,"column":8},"end":{"line":174,"column":24}},"36":{"start":{"line":176,"column":8},"end":{"line":176,"column":25}},"37":{"start":{"line":180,"column":9},"end":{"line":193,"column":4}},"38":{"start":{"line":184,"column":4},"end":{"line":192,"column":null}},"39":{"start":{"line":185,"column":6},"end":{"line":189,"column":27}},"40":{"start":{"line":191,"column":6},"end":{"line":191,"column":23}},"41":{"start":{"line":9,"column":0},"end":{"line":9,"column":13}},"42":{"start":{"line":10,"column":16},"end":{"line":10,"column":50}},"43":{"start":{"line":11,"column":16},"end":{"line":11,"column":42}},"44":{"start":{"line":12,"column":16},"end":{"line":12,"column":60}}},"fnMap":{"0":{"name":"(anonymous_0)","decl":{"start":{"line":9,"column":0},"end":{"line":9,"column":13}},"loc":{"start":{"line":9,"column":0},"end":{"line":194,"column":1}}},"1":{"name":"(anonymous_1)","decl":{"start":{"line":14,"column":23},"end":{"line":14,"column":28}},"loc":{"start":{"line":14,"column":69},"end":{"line":59,"column":3}}},"2":{"name":"(anonymous_2)","decl":{"start":{"line":61,"column":31},"end":{"line":61,"column":36}},"loc":{"start":{"line":63,"column":41},"end":{"line":81,"column":3}}},"3":{"name":"(anonymous_3)","decl":{"start":{"line":83,"column":34},"end":{"line":83,"column":39}},"loc":{"start":{"line":85,"column":41},"end":{"line":103,"column":3}}},"4":{"name":"(anonymous_4)","decl":{"start":{"line":105,"column":20},"end":{"line":105,"column":25}},"loc":{"start":{"line":105,"column":73},"end":{"line":137,"column":3}}},"5":{"name":"(anonymous_5)","decl":{"start":{"line":139,"column":19},"end":{"line":139,"column":24}},"loc":{"start":{"line":139,"column":71},"end":{"line":151,"column":3}}},"6":{"name":"(anonymous_6)","decl":{"start":{"line":153,"column":28},"end":{"line":153,"column":33}},"loc":{"start":{"line":153,"column":55},"end":{"line":160,"column":3}}},"7":{"name":"(anonymous_7)","decl":{"start":{"line":162,"column":25},"end":{"line":162,"column":30}},"loc":{"start":{"line":162,"column":52},"end":{"line":162,"column":55}}},"8":{"name":"(anonymous_8)","decl":{"start":{"line":164,"column":18},"end":{"line":164,"column":23}},"loc":{"start":{"line":164,"column":49},"end":{"line":164,"column":52}}},"9":{"name":"(anonymous_9)","decl":{"start":{"line":166,"column":25},"end":{"line":166,"column":30}},"loc":{"start":{"line":168,"column":39},"end":{"line":178,"column":3}}},"10":{"name":"(anonymous_10)","decl":{"start":{"line":180,"column":28},"end":{"line":180,"column":33}},"loc":{"start":{"line":183,"column":44},"end":{"line":193,"column":3}}}},"branchMap":{"0":{"loc":{"start":{"line":75,"column":4},"end":{"line":80,"column":null}},"type":"switch","locations":[{"start":{"line":76,"column":6},"end":{"line":77,"column":24}},{"start":{"line":78,"column":6},"end":{"line":79,"column":25}}]},"1":{"loc":{"start":{"line":97,"column":4},"end":{"line":102,"column":null}},"type":"switch","locations":[{"start":{"line":98,"column":6},"end":{"line":99,"column":24}},{"start":{"line":100,"column":6},"end":{"line":101,"column":25}}]},"2":{"loc":{"start":{"line":127,"column":4},"end":{"line":136,"column":null}},"type":"switch","locations":[{"start":{"line":128,"column":6},"end":{"line":129,"column":26}},{"start":{"line":130,"column":6},"end":{"line":131,"column":26}},{"start":{"line":132,"column":6},"end":{"line":133,"column":26}},{"start":{"line":134,"column":6},"end":{"line":135,"column":25}}]},"3":{"loc":{"start":{"line":145,"column":4},"end":{"line":150,"column":null}},"type":"switch","locations":[{"start":{"line":146,"column":6},"end":{"line":147,"column":20}},{"start":{"line":148,"column":6},"end":{"line":149,"column":25}}]},"4":{"loc":{"start":{"line":169,"column":4},"end":{"line":177,"column":null}},"type":"switch","locations":[{"start":{"line":170,"column":6},"end":{"line":174,"column":24}},{"start":{"line":175,"column":6},"end":{"line":176,"column":25}}]},"5":{"loc":{"start":{"line":184,"column":4},"end":{"line":192,"column":null}},"type":"if","locations":[{"start":{"line":184,"column":4},"end":{"line":192,"column":null}},{"start":{"line":190,"column":11},"end":{"line":192,"column":null}}]},"6":{"loc":{"start":{"line":184,"column":8},"end":{"line":184,"column":38}},"type":"binary-expr","locations":[{"start":{"line":184,"column":8},"end":{"line":184,"column":21}},{"start":{"line":184,"column":25},"end":{"line":184,"column":38}}]}},"s":{"0":5,"1":5,"2":1,"3":1,"4":5,"5":1,"6":1,"7":1,"8":0,"9":5,"10":1,"11":1,"12":1,"13":0,"14":5,"15":7,"16":7,"17":7,"18":7,"19":1,"20":2,"21":2,"22":2,"23":5,"24":12,"25":12,"26":1,"27":11,"28":5,"29":0,"30":0,"31":5,"32":5,"33":5,"34":4,"35":3,"36":1,"37":5,"38":2,"39":1,"40":1,"41":5,"42":5,"43":5,"44":5},"f":{"0":5,"1":1,"2":1,"3":1,"4":7,"5":12,"6":0,"7":1,"8":1,"9":4,"10":2},"b":{"0":[1,0],"1":[1,0],"2":[1,2,2,2],"3":[1,11],"4":[3,1],"5":[1,1],"6":[2,2]}}
,"/home/gracy/labenu/aragon-Isabelle-Bisoni/modulo6/case-amaro-backend/tests/mocks/UserDatabaseMock.ts": {"path":"/home/gracy/labenu/aragon-Isabelle-Bisoni/modulo6/case-amaro-backend/tests/mocks/UserDatabaseMock.ts","statementMap":{"0":{"start":{"line":1,"column":0},"end":{"line":1,"column":63}},"1":{"start":{"line":2,"column":0},"end":{"line":2,"column":66}},"2":{"start":{"line":7,"column":9},"end":{"line":17,"column":4}},"3":{"start":{"line":8,"column":28},"end":{"line":14,"column":6}},"4":{"start":{"line":16,"column":4},"end":{"line":16,"column":18}},"5":{"start":{"line":19,"column":9},"end":{"line":33,"column":4}},"6":{"start":{"line":20,"column":4},"end":{"line":32,"column":null}},"7":{"start":{"line":22,"column":8},"end":{"line":29,"column":21}},"8":{"start":{"line":31,"column":8},"end":{"line":31,"column":25}},"9":{"start":{"line":35,"column":9},"end":{"line":35,"column":47}},"10":{"start":{"line":4,"column":0},"end":{"line":4,"column":13}},"11":{"start":{"line":5,"column":16},"end":{"line":5,"column":44}}},"fnMap":{"0":{"name":"(anonymous_0)","decl":{"start":{"line":4,"column":0},"end":{"line":4,"column":13}},"loc":{"start":{"line":4,"column":0},"end":{"line":36,"column":1}}},"1":{"name":"(anonymous_1)","decl":{"start":{"line":7,"column":25},"end":{"line":7,"column":26}},"loc":{"start":{"line":7,"column":40},"end":{"line":17,"column":3}}},"2":{"name":"(anonymous_2)","decl":{"start":{"line":19,"column":23},"end":{"line":19,"column":28}},"loc":{"start":{"line":19,"column":47},"end":{"line":33,"column":3}}},"3":{"name":"(anonymous_3)","decl":{"start":{"line":35,"column":22},"end":{"line":35,"column":27}},"loc":{"start":{"line":35,"column":43},"end":{"line":35,"column":46}}}},"branchMap":{"0":{"loc":{"start":{"line":20,"column":4},"end":{"line":32,"column":null}},"type":"switch","locations":[{"start":{"line":21,"column":6},"end":{"line":29,"column":21}},{"start":{"line":30,"column":6},"end":{"line":31,"column":25}}]}},"s":{"0":2,"1":2,"2":2,"3":0,"4":0,"5":2,"6":5,"7":3,"8":2,"9":2,"10":2,"11":2},"f":{"0":2,"1":0,"2":5,"3":1},"b":{"0":[3,2]}}
,"/home/gracy/labenu/aragon-Isabelle-Bisoni/modulo6/case-amaro-backend/tests/mocks/services/AuthenticatorMock.ts": {"path":"/home/gracy/labenu/aragon-Isabelle-Bisoni/modulo6/case-amaro-backend/tests/mocks/services/AuthenticatorMock.ts","statementMap":{"0":{"start":{"line":1,"column":0},"end":{"line":1,"column":54}},"1":{"start":{"line":5,"column":2},"end":{"line":12,"column":4}},"2":{"start":{"line":6,"column":4},"end":{"line":11,"column":null}},"3":{"start":{"line":8,"column":8},"end":{"line":8,"column":29}},"4":{"start":{"line":10,"column":8},"end":{"line":10,"column":28}},"5":{"start":{"line":14,"column":2},"end":{"line":29,"column":4}},"6":{"start":{"line":15,"column":4},"end":{"line":28,"column":null}},"7":{"start":{"line":17,"column":8},"end":{"line":20,"column":10}},"8":{"start":{"line":22,"column":8},"end":{"line":25,"column":10}},"9":{"start":{"line":27,"column":8},"end":{"line":27,"column":20}},"10":{"start":{"line":4,"column":0},"end":{"line":4,"column":13}}},"fnMap":{"0":{"name":"(anonymous_0)","decl":{"start":{"line":4,"column":0},"end":{"line":4,"column":13}},"loc":{"start":{"line":4,"column":0},"end":{"line":30,"column":1}}},"1":{"name":"(anonymous_1)","decl":{"start":{"line":5,"column":18},"end":{"line":5,"column":19}},"loc":{"start":{"line":5,"column":53},"end":{"line":12,"column":3}}},"2":{"name":"(anonymous_2)","decl":{"start":{"line":14,"column":20},"end":{"line":14,"column":21}},"loc":{"start":{"line":14,"column":60},"end":{"line":29,"column":3}}}},"branchMap":{"0":{"loc":{"start":{"line":6,"column":4},"end":{"line":11,"column":null}},"type":"switch","locations":[{"start":{"line":7,"column":6},"end":{"line":8,"column":29}},{"start":{"line":9,"column":6},"end":{"line":10,"column":28}}]},"1":{"loc":{"start":{"line":15,"column":4},"end":{"line":28,"column":null}},"type":"switch","locations":[{"start":{"line":16,"column":6},"end":{"line":20,"column":10}},{"start":{"line":21,"column":6},"end":{"line":25,"column":10}},{"start":{"line":26,"column":6},"end":{"line":27,"column":20}}]}},"s":{"0":7,"1":7,"2":2,"3":1,"4":1,"5":7,"6":10,"7":0,"8":8,"9":2,"10":7},"f":{"0":7,"1":2,"2":10},"b":{"0":[1,1],"1":[0,8,2]}}
,"/home/gracy/labenu/aragon-Isabelle-Bisoni/modulo6/case-amaro-backend/tests/mocks/services/HashManagerMock.ts": {"path":"/home/gracy/labenu/aragon-Isabelle-Bisoni/modulo6/case-amaro-backend/tests/mocks/services/HashManagerMock.ts","statementMap":{"0":{"start":{"line":2,"column":11},"end":{"line":9,"column":null}},"1":{"start":{"line":3,"column":8},"end":{"line":8,"column":null}},"2":{"start":{"line":5,"column":16},"end":{"line":5,"column":null}},"3":{"start":{"line":7,"column":16},"end":{"line":7,"column":null}},"4":{"start":{"line":11,"column":11},"end":{"line":18,"column":null}},"5":{"start":{"line":12,"column":8},"end":{"line":17,"column":null}},"6":{"start":{"line":14,"column":16},"end":{"line":14,"column":null}},"7":{"start":{"line":16,"column":16},"end":{"line":16,"column":null}},"8":{"start":{"line":1,"column":0},"end":{"line":1,"column":13}}},"fnMap":{"0":{"name":"(anonymous_0)","decl":{"start":{"line":1,"column":0},"end":{"line":1,"column":13}},"loc":{"start":{"line":1,"column":0},"end":{"line":19,"column":1}}},"1":{"name":"(anonymous_1)","decl":{"start":{"line":2,"column":18},"end":{"line":2,"column":23}},"loc":{"start":{"line":2,"column":63},"end":{"line":9,"column":5}}},"2":{"name":"(anonymous_2)","decl":{"start":{"line":11,"column":21},"end":{"line":11,"column":26}},"loc":{"start":{"line":11,"column":82},"end":{"line":18,"column":5}}}},"branchMap":{"0":{"loc":{"start":{"line":3,"column":8},"end":{"line":8,"column":null}},"type":"switch","locations":[{"start":{"line":4,"column":12},"end":{"line":5,"column":null}},{"start":{"line":6,"column":12},"end":{"line":7,"column":null}}]},"1":{"loc":{"start":{"line":12,"column":8},"end":{"line":17,"column":null}},"type":"switch","locations":[{"start":{"line":13,"column":12},"end":{"line":14,"column":null}},{"start":{"line":15,"column":12},"end":{"line":16,"column":null}}]}},"s":{"0":7,"1":1,"2":0,"3":1,"4":7,"5":2,"6":1,"7":1,"8":7},"f":{"0":7,"1":1,"2":2},"b":{"0":[0,1],"1":[1,1]}}
,"/home/gracy/labenu/aragon-Isabelle-Bisoni/modulo6/case-amaro-backend/tests/mocks/services/IdGeneratorMock.ts": {"path":"/home/gracy/labenu/aragon-Isabelle-Bisoni/modulo6/case-amaro-backend/tests/mocks/services/IdGeneratorMock.ts","statementMap":{"0":{"start":{"line":2,"column":11},"end":{"line":4,"column":null}},"1":{"start":{"line":3,"column":8},"end":{"line":3,"column":null}},"2":{"start":{"line":1,"column":0},"end":{"line":1,"column":13}}},"fnMap":{"0":{"name":"(anonymous_0)","decl":{"start":{"line":1,"column":0},"end":{"line":1,"column":13}},"loc":{"start":{"line":1,"column":0},"end":{"line":5,"column":1}}},"1":{"name":"(anonymous_1)","decl":{"start":{"line":2,"column":22},"end":{"line":2,"column":33}},"loc":{"start":{"line":2,"column":35},"end":{"line":4,"column":5}}}},"branchMap":{},"s":{"0":7,"1":3,"2":7},"f":{"0":7,"1":3},"b":{}}
}
