TN:
SF:src/business/ProductBusiness.ts
FN:23,(anonymous_0)
FN:30,(anonymous_1)
FN:40,(anonymous_2)
FN:47,(anonymous_3)
FN:61,(anonymous_4)
FN:68,(anonymous_5)
FN:80,(anonymous_6)
FN:89,(anonymous_7)
FN:106,(anonymous_8)
FN:140,(anonymous_9)
FN:176,(anonymous_10)
FNF:11
FNH:10
FNDA:5,(anonymous_0)
FNDA:2,(anonymous_1)
FNDA:2,(anonymous_2)
FNDA:0,(anonymous_3)
FNDA:10,(anonymous_4)
FNDA:2,(anonymous_5)
FNDA:2,(anonymous_6)
FNDA:1,(anonymous_7)
FNDA:4,(anonymous_8)
FNDA:6,(anonymous_9)
FNDA:2,(anonymous_10)
DA:2,5
DA:3,5
DA:4,5
DA:5,5
DA:6,5
DA:22,5
DA:24,5
DA:25,5
DA:26,5
DA:27,5
DA:30,5
DA:31,2
DA:33,2
DA:34,1
DA:36,1
DA:37,0
DA:40,1
DA:41,2
DA:44,1
DA:45,2
DA:47,2
DA:49,2
DA:52,1
DA:56,1
DA:59,1
DA:61,1
DA:62,10
DA:65,1
DA:66,10
DA:68,10
DA:70,10
DA:73,1
DA:77,1
DA:80,5
DA:81,2
DA:83,2
DA:85,2
DA:86,1
DA:89,1
DA:91,1
DA:95,1
DA:96,0
DA:99,1
DA:103,1
DA:106,5
DA:107,4
DA:108,4
DA:109,4
DA:111,4
DA:112,1
DA:115,3
DA:116,1
DA:119,2
DA:120,0
DA:123,2
DA:124,1
DA:127,1
DA:129,1
DA:131,1
DA:133,1
DA:137,1
DA:140,5
DA:141,6
DA:142,6
DA:143,6
DA:145,6
DA:147,6
DA:148,1
DA:151,5
DA:152,0
DA:155,5
DA:156,1
DA:159,4
DA:160,0
DA:163,4
DA:165,4
DA:166,1
DA:169,3
DA:171,3
DA:172,1
DA:175,2
DA:176,2
DA:178,2
DA:183,2
DA:184,1
DA:187,1
DA:189,1
DA:195,1
DA:197,1
DA:201,1
LF:90
LH:85
BRDA:33,0,0,1
BRDA:36,1,0,0
BRDA:85,2,0,1
BRDA:95,3,0,0
BRDA:95,4,0,1
BRDA:95,4,1,1
BRDA:111,5,0,1
BRDA:115,6,0,1
BRDA:119,7,0,0
BRDA:123,8,0,1
BRDA:147,9,0,1
BRDA:151,10,0,0
BRDA:155,11,0,1
BRDA:159,12,0,0
BRDA:165,13,0,1
BRDA:171,14,0,1
BRDA:183,15,0,1
BRF:17
BRH:12
end_of_record
TN:
SF:src/business/UserBusiness.ts
FN:12,(anonymous_0)
FN:19,(anonymous_1)
FN:85,(anonymous_2)
FNF:3
FNH:3
FNDA:2,(anonymous_0)
FNDA:4,(anonymous_1)
FNDA:4,(anonymous_2)
DA:2,2
DA:3,2
DA:4,2
DA:5,2
DA:6,2
DA:11,2
DA:13,2
DA:14,2
DA:15,2
DA:16,2
DA:19,2
DA:20,4
DA:22,4
DA:23,0
DA:26,4
DA:27,0
DA:30,4
DA:31,0
DA:34,4
DA:35,0
DA:38,4
DA:39,0
DA:42,4
DA:43,1
DA:46,3
DA:47,1
DA:50,2
DA:52,2
DA:53,1
DA:56,1
DA:57,1
DA:59,1
DA:67,1
DA:69,1
DA:74,1
DA:76,1
DA:81,1
DA:85,2
DA:86,4
DA:88,4
DA:89,0
DA:92,4
DA:93,0
DA:96,4
DA:97,0
DA:100,4
DA:101,0
DA:104,4
DA:105,1
DA:108,3
DA:110,3
DA:111,1
DA:114,2
DA:122,2
DA:127,2
DA:128,1
DA:131,1
DA:136,1
DA:138,1
DA:143,1
LF:60
LH:51
BRDA:22,0,0,0
BRDA:22,1,0,4
BRDA:22,1,1,4
BRDA:22,1,2,4
BRDA:26,2,0,0
BRDA:30,3,0,0
BRDA:34,4,0,0
BRDA:38,5,0,0
BRDA:42,6,0,1
BRDA:46,7,0,1
BRDA:52,8,0,1
BRDA:88,9,0,0
BRDA:88,10,0,4
BRDA:88,10,1,4
BRDA:92,11,0,0
BRDA:96,12,0,0
BRDA:100,13,0,0
BRDA:104,14,0,1
BRDA:110,15,0,1
BRDA:127,16,0,1
BRF:20
BRH:11
end_of_record
TN:
SF:src/database/BaseDatabase.ts
FNF:0
FNH:0
DA:1,7
DA:2,7
DA:4,7
DA:6,7
DA:7,7
LF:5
LH:5
BRF:0
BRH:0
end_of_record
TN:
SF:src/errors/BaseError.ts
FN:2,(anonymous_0)
FNF:1
FNH:1
FNDA:15,(anonymous_0)
DA:1,7
DA:3,15
DA:6,15
LF:3
LH:3
BRDA:3,0,0,0
BRDA:4,1,0,0
BRF:2
BRH:0
end_of_record
TN:
SF:src/errors/ConflictError.ts
FN:4,(anonymous_0)
FNF:1
FNH:1
FNDA:2,(anonymous_0)
DA:1,7
DA:3,7
DA:5,2
LF:3
LH:3
BRDA:4,0,0,0
BRF:1
BRH:0
end_of_record
TN:
SF:src/errors/NotFoundError.ts
FN:4,(anonymous_0)
FNF:1
FNH:1
FNDA:4,(anonymous_0)
DA:1,7
DA:3,7
DA:5,4
LF:3
LH:3
BRDA:4,0,0,0
BRF:1
BRH:0
end_of_record
TN:
SF:src/errors/RequestError.ts
FN:4,(anonymous_0)
FNF:1
FNH:1
FNDA:6,(anonymous_0)
DA:1,7
DA:3,7
DA:5,6
LF:3
LH:3
BRDA:4,0,0,0
BRF:1
BRH:0
end_of_record
TN:
SF:src/errors/UnauthorizedError.ts
FN:4,(anonymous_0)
FNF:1
FNH:1
FNDA:3,(anonymous_0)
DA:1,7
DA:3,7
DA:5,3
LF:3
LH:3
BRDA:4,0,0,0
BRF:1
BRH:0
end_of_record
TN:
SF:src/models/Products.ts
FN:18,(anonymous_0)
FN:24,(anonymous_1)
FN:28,(anonymous_2)
FN:32,(anonymous_3)
FN:36,(anonymous_4)
FN:40,(anonymous_5)
FN:44,(anonymous_6)
FNF:7
FNH:4
FNDA:13,(anonymous_0)
FNDA:14,(anonymous_1)
FNDA:2,(anonymous_2)
FNDA:0,(anonymous_3)
FNDA:0,(anonymous_4)
FNDA:0,(anonymous_5)
FNDA:12,(anonymous_6)
DA:17,5
DA:19,13
DA:20,13
DA:21,13
DA:24,13
DA:25,14
DA:28,13
DA:29,2
DA:32,13
DA:33,0
DA:36,13
DA:37,0
DA:40,13
DA:41,0
DA:44,13
DA:45,12
LF:16
LH:13
BRDA:21,0,0,13
BRF:1
BRH:1
end_of_record
TN:
SF:src/models/User.ts
FN:1,(anonymous_0)
FN:15,(anonymous_1)
FN:23,(anonymous_2)
FN:27,(anonymous_3)
FN:31,(anonymous_4)
FN:35,(anonymous_5)
FN:39,(anonymous_6)
FN:43,(anonymous_7)
FN:47,(anonymous_8)
FN:51,(anonymous_9)
FN:55,(anonymous_10)
FN:59,(anonymous_11)
FNF:12
FNH:5
FNDA:7,(anonymous_0)
FNDA:3,(anonymous_1)
FNDA:2,(anonymous_2)
FNDA:0,(anonymous_3)
FNDA:0,(anonymous_4)
FNDA:2,(anonymous_5)
FNDA:2,(anonymous_6)
FNDA:0,(anonymous_7)
FNDA:0,(anonymous_8)
FNDA:0,(anonymous_9)
FNDA:0,(anonymous_10)
FNDA:0,(anonymous_11)
DA:1,7
DA:2,7
DA:3,7
DA:14,7
DA:16,3
DA:17,3
DA:18,3
DA:19,3
DA:20,3
DA:23,3
DA:24,2
DA:27,3
DA:28,0
DA:31,3
DA:32,0
DA:35,3
DA:36,2
DA:39,3
DA:40,2
DA:43,3
DA:44,0
DA:47,3
DA:48,0
DA:51,3
DA:52,0
DA:55,3
DA:56,0
DA:59,3
DA:60,0
LF:29
LH:22
BRDA:1,0,0,7
BRDA:1,0,1,7
BRF:2
BRH:2
end_of_record
TN:
SF:tests/mocks/ProductDatabaseMock.ts
FN:9,(anonymous_0)
FN:14,(anonymous_1)
FN:61,(anonymous_2)
FN:83,(anonymous_3)
FN:105,(anonymous_4)
FN:139,(anonymous_5)
FN:153,(anonymous_6)
FN:162,(anonymous_7)
FN:164,(anonymous_8)
FN:166,(anonymous_9)
FN:180,(anonymous_10)
FNF:11
FNH:10
FNDA:5,(anonymous_0)
FNDA:1,(anonymous_1)
FNDA:1,(anonymous_2)
FNDA:1,(anonymous_3)
FNDA:7,(anonymous_4)
FNDA:12,(anonymous_5)
FNDA:0,(anonymous_6)
FNDA:1,(anonymous_7)
FNDA:1,(anonymous_8)
FNDA:4,(anonymous_9)
FNDA:2,(anonymous_10)
DA:1,5
DA:9,5
DA:10,5
DA:11,5
DA:12,5
DA:14,5
DA:15,1
DA:58,1
DA:61,5
DA:64,1
DA:75,1
DA:77,1
DA:79,0
DA:83,5
DA:86,1
DA:97,1
DA:99,1
DA:101,0
DA:105,5
DA:106,7
DA:113,7
DA:120,7
DA:127,7
DA:129,1
DA:131,2
DA:133,2
DA:135,2
DA:139,5
DA:140,12
DA:145,12
DA:147,1
DA:149,11
DA:153,5
DA:154,0
DA:159,0
DA:162,5
DA:164,5
DA:166,5
DA:169,4
DA:171,3
DA:176,1
DA:180,5
DA:184,2
DA:185,1
DA:191,1
LF:45
LH:41
BRDA:75,0,0,1
BRDA:75,0,1,0
BRDA:97,1,0,1
BRDA:97,1,1,0
BRDA:127,2,0,1
BRDA:127,2,1,2
BRDA:127,2,2,2
BRDA:127,2,3,2
BRDA:145,3,0,1
BRDA:145,3,1,11
BRDA:169,4,0,3
BRDA:169,4,1,1
BRDA:184,5,0,1
BRDA:184,5,1,1
BRDA:184,6,0,2
BRDA:184,6,1,2
BRF:16
BRH:14
end_of_record
TN:
SF:tests/mocks/UserDatabaseMock.ts
FN:4,(anonymous_0)
FN:7,(anonymous_1)
FN:19,(anonymous_2)
FN:35,(anonymous_3)
FNF:4
FNH:3
FNDA:2,(anonymous_0)
FNDA:0,(anonymous_1)
FNDA:5,(anonymous_2)
FNDA:1,(anonymous_3)
DA:1,2
DA:2,2
DA:4,2
DA:5,2
DA:7,2
DA:8,0
DA:16,0
DA:19,2
DA:20,5
DA:22,3
DA:31,2
DA:35,2
LF:12
LH:10
BRDA:20,0,0,3
BRDA:20,0,1,2
BRF:2
BRH:2
end_of_record
TN:
SF:tests/mocks/services/AuthenticatorMock.ts
FN:4,(anonymous_0)
FN:5,(anonymous_1)
FN:14,(anonymous_2)
FNF:3
FNH:3
FNDA:7,(anonymous_0)
FNDA:2,(anonymous_1)
FNDA:10,(anonymous_2)
DA:1,7
DA:4,7
DA:5,7
DA:6,2
DA:8,1
DA:10,1
DA:14,7
DA:15,10
DA:17,0
DA:22,8
DA:27,2
LF:11
LH:10
BRDA:6,0,0,1
BRDA:6,0,1,1
BRDA:15,1,0,0
BRDA:15,1,1,8
BRDA:15,1,2,2
BRF:5
BRH:4
end_of_record
TN:
SF:tests/mocks/services/HashManagerMock.ts
FN:1,(anonymous_0)
FN:2,(anonymous_1)
FN:11,(anonymous_2)
FNF:3
FNH:3
FNDA:7,(anonymous_0)
FNDA:1,(anonymous_1)
FNDA:2,(anonymous_2)
DA:1,7
DA:2,7
DA:3,1
DA:5,0
DA:7,1
DA:11,7
DA:12,2
DA:14,1
DA:16,1
LF:9
LH:8
BRDA:3,0,0,0
BRDA:3,0,1,1
BRDA:12,1,0,1
BRDA:12,1,1,1
BRF:4
BRH:3
end_of_record
TN:
SF:tests/mocks/services/IdGeneratorMock.ts
FN:1,(anonymous_0)
FN:2,(anonymous_1)
FNF:2
FNH:2
FNDA:7,(anonymous_0)
FNDA:3,(anonymous_1)
DA:1,7
DA:2,7
DA:3,3
LF:3
LH:3
BRF:0
BRH:0
end_of_record
